This is pdfTeX, Version 3.1415926-1.40.11 (TeX Live 2010) (format=pdflatex 2010.11.30)  27 OCT 2011 16:07
entering extended mode
 restricted \write18 enabled.
 file:line:error style messages enabled.
 %&-line parsing enabled.
**thesislayout.sty
(./thesislayout.sty
LaTeX2e <2009/09/24>
Babel <v3.8l> and hyphenation patterns for english, dumylang, nohyphenation, ge
rman-x-2009-06-19, ngerman-x-2009-06-19, ancientgreek, ibycus, arabic, armenian
, basque, bulgarian, catalan, pinyin, coptic, croatian, czech, danish, dutch, u
kenglish, usenglishmax, esperanto, estonian, farsi, finnish, french, galician, 
german, ngerman, swissgerman, monogreek, greek, hungarian, icelandic, assamese,
 bengali, gujarati, hindi, kannada, malayalam, marathi, oriya, panjabi, tamil, 
telugu, indonesian, interlingua, irish, italian, kurmanji, lao, latin, latvian,
 lithuanian, mongolian, mongolianlmc, bokmal, nynorsk, polish, portuguese, roma
nian, russian, sanskrit, serbian, slovak, slovenian, spanish, swedish, turkish,
 turkmen, ukrainian, uppersorbian, welsh, loaded.

LaTeX Warning: You have requested package `',
               but the package provides `style/thesislayout'.

Package: style/thesislayout 
./thesislayout.sty:27: Undefined control sequence.
<argument> \undefinedpagestyle 
                               
l.27 \pagestyle{fancy}
                      
The control sequence at the end of the top line
of your error message was never \def'ed. If you have
misspelled it (e.g., `\hobx'), type `I' and the correct
spelling (e.g., `I\hbox'). Otherwise just continue,
and I'll forget about whatever was undefined.


./thesislayout.sty:28: LaTeX Error: \chaptermark undefined.

See the LaTeX manual or LaTeX Companion for explanation.
Type  H <return>  for immediate help.
 ...                                              
                                                  
l.28 \renewcommand{\chaptermark}
                                [1]{\markboth{#1}{}}
Try typing  <return>  to proceed.
If that doesn't work, type  X <return>  to quit.

./thesislayout.sty:32: Undefined control sequence.
l.32 \fancypagestyle
                    {fancyplain}{% looks as ordinary plain
The control sequence at the end of the top line
of your error message was never \def'ed. If you have
misspelled it (e.g., `\hobx'), type `I' and the correct
spelling (e.g., `I\hbox'). Otherwise just continue,
and I'll forget about whatever was undefined.


./thesislayout.sty:32: LaTeX Error: Missing \begin{document}.

See the LaTeX manual or LaTeX Companion for explanation.
Type  H <return>  for immediate help.
 ...                                              
                                                  
l.32 \fancypagestyle{f
                      ancyplain}{% looks as ordinary plain
You're in trouble here.  Try typing  <return>  to proceed.
If that doesn't work, type  X <return>  to quit.

Missing character: There is no f in font nullfont!
Missing character: There is no a in font nullfont!
Missing character: There is no n in font nullfont!
Missing character: There is no c in font nullfont!
Missing character: There is no y in font nullfont!
Missing character: There is no p in font nullfont!
Missing character: There is no l in font nullfont!
Missing character: There is no a in font nullfont!
Missing character: There is no i in font nullfont!
Missing character: There is no n in font nullfont!
./thesislayout.sty:33: Undefined control sequence.
l.33 \fancyhf
             {}
The control sequence at the end of the top line
of your error message was never \def'ed. If you have
misspelled it (e.g., `\hobx'), type `I' and the correct
spelling (e.g., `I\hbox'). Otherwise just continue,
and I'll forget about whatever was undefined.


./thesislayout.sty:35: LaTeX Error: \headrulewidth undefined.

See the LaTeX manual or LaTeX Companion for explanation.
Type  H <return>  for immediate help.
 ...                                              
                                                  
l.35 \renewcommand{\headrulewidth}
                                  {0pt}
Try typing  <return>  to proceed.
If that doesn't work, type  X <return>  to quit.


./thesislayout.sty:36: LaTeX Error: \footrulewidth undefined.

See the LaTeX manual or LaTeX Companion for explanation.
Type  H <return>  for immediate help.
 ...                                              
                                                  
l.36 \renewcommand{\footrulewidth}
                                  {0pt}
Try typing  <return>  to proceed.
If that doesn't work, type  X <return>  to quit.

./thesislayout.sty:37: Undefined control sequence.
l.37 \fancyfoot
               [RO,LE]{\sffamily\bfseries  \thepage/\pageref{fancy:frontend} }
The control sequence at the end of the top line
of your error message was never \def'ed. If you have
misspelled it (e.g., `\hobx'), type `I' and the correct
spelling (e.g., `I\hbox'). Otherwise just continue,
and I'll forget about whatever was undefined.

Missing character: There is no [ in font nullfont!
Missing character: There is no R in font nullfont!
Missing character: There is no O in font nullfont!
Missing character: There is no , in font nullfont!
Missing character: There is no L in font nullfont!
Missing character: There is no E in font nullfont!
Missing character: There is no ] in font nullfont!
./thesislayout.sty:37: Undefined control sequence.
l.37 ...cyfoot[RO,LE]{\sffamily\bfseries  \thepage
                                                  /\pageref{fancy:frontend} }
The control sequence at the end of the top line
of your error message was never \def'ed. If you have
misspelled it (e.g., `\hobx'), type `I' and the correct
spelling (e.g., `I\hbox'). Otherwise just continue,
and I'll forget about whatever was undefined.

./thesislayout.sty:37: Undefined control sequence.
<write> ...ence `fancy:frontend' on page \thepage 
                                                  \space undefined\on@line .
l.37 ...fseries  \thepage/\pageref{fancy:frontend}
                                                   }
The control sequence at the end of the top line
of your error message was never \def'ed. If you have
misspelled it (e.g., `\hobx'), type `I' and the correct
spelling (e.g., `I\hbox'). Otherwise just continue,
and I'll forget about whatever was undefined.


LaTeX Warning: Reference `fancy:frontend' on page  undefined on input line 37.


Overfull \hbox (16.36108pt too wide) in paragraph at lines 32--39
\OT1/cmss/bx/n/10 /[]
 []

./thesislayout.sty:40: Undefined control sequence.
l.40 \fancypagestyle
                    {fancytext}{%
The control sequence at the end of the top line
of your error message was never \def'ed. If you have
misspelled it (e.g., `\hobx'), type `I' and the correct
spelling (e.g., `I\hbox'). Otherwise just continue,
and I'll forget about whatever was undefined.


./thesislayout.sty:40: LaTeX Error: Missing \begin{document}.

See the LaTeX manual or LaTeX Companion for explanation.
Type  H <return>  for immediate help.
 ...                                              
                                                  
l.40 \fancypagestyle{f
                      ancytext}{%
You're in trouble here.  Try typing  <return>  to proceed.
If that doesn't work, type  X <return>  to quit.

Missing character: There is no f in font nullfont!
Missing character: There is no a in font nullfont!
Missing character: There is no n in font nullfont!
Missing character: There is no c in font nullfont!
Missing character: There is no y in font nullfont!
Missing character: There is no t in font nullfont!
Missing character: There is no e in font nullfont!
Missing character: There is no x in font nullfont!
Missing character: There is no t in font nullfont!
./thesislayout.sty:41: Undefined control sequence.
l.41 \fancyhead
               {} % clear all header fields
The control sequence at the end of the top line
of your error message was never \def'ed. If you have
misspelled it (e.g., `\hobx'), type `I' and the correct
spelling (e.g., `I\hbox'). Otherwise just continue,
and I'll forget about whatever was undefined.

./thesislayout.sty:43: Undefined control sequence.
l.43 \fancyhead
               [RO,LE]{\nouppercase{\rightmark}}
The control sequence at the end of the top line
of your error message was never \def'ed. If you have
misspelled it (e.g., `\hobx'), type `I' and the correct
spelling (e.g., `I\hbox'). Otherwise just continue,
and I'll forget about whatever was undefined.

Missing character: There is no [ in font nullfont!
Missing character: There is no R in font nullfont!
Missing character: There is no O in font nullfont!
Missing character: There is no , in font nullfont!
Missing character: There is no L in font nullfont!
Missing character: There is no E in font nullfont!
Missing character: There is no ] in font nullfont!
./thesislayout.sty:43: Undefined control sequence.
l.43 \fancyhead[RO,LE]{\nouppercase
                                   {\rightmark}}
The control sequence at the end of the top line
of your error message was never \def'ed. If you have
misspelled it (e.g., `\hobx'), type `I' and the correct
spelling (e.g., `I\hbox'). Otherwise just continue,
and I'll forget about whatever was undefined.

./thesislayout.sty:44: Undefined control sequence.
l.44 \fancyhead
               [LO,RE]{\nouppercase{\leftmark}}
The control sequence at the end of the top line
of your error message was never \def'ed. If you have
misspelled it (e.g., `\hobx'), type `I' and the correct
spelling (e.g., `I\hbox'). Otherwise just continue,
and I'll forget about whatever was undefined.

Missing character: There is no [ in font nullfont!
Missing character: There is no L in font nullfont!
Missing character: There is no O in font nullfont!
Missing character: There is no , in font nullfont!
Missing character: There is no R in font nullfont!
Missing character: There is no E in font nullfont!
Missing character: There is no ] in font nullfont!
./thesislayout.sty:44: Undefined control sequence.
l.44 \fancyhead[LO,RE]{\nouppercase
                                   {\leftmark}}
The control sequence at the end of the top line
of your error message was never \def'ed. If you have
misspelled it (e.g., `\hobx'), type `I' and the correct
spelling (e.g., `I\hbox'). Otherwise just continue,
and I'll forget about whatever was undefined.

./thesislayout.sty:45: Undefined control sequence.
l.45 \fancyfoot
               {} % clear all footer fields
The control sequence at the end of the top line
of your error message was never \def'ed. If you have
misspelled it (e.g., `\hobx'), type `I' and the correct
spelling (e.g., `I\hbox'). Otherwise just continue,
and I'll forget about whatever was undefined.

./thesislayout.sty:46: Undefined control sequence.
l.46 \fancyfoot
               [LE,RO]{\sffamily\bfseries\thepage/\pageref{fancy:mainend}}
The control sequence at the end of the top line
of your error message was never \def'ed. If you have
misspelled it (e.g., `\hobx'), type `I' and the correct
spelling (e.g., `I\hbox'). Otherwise just continue,
and I'll forget about whatever was undefined.

Missing character: There is no [ in font nullfont!
Missing character: There is no L in font nullfont!
Missing character: There is no E in font nullfont!
Missing character: There is no , in font nullfont!
Missing character: There is no R in font nullfont!
Missing character: There is no O in font nullfont!
Missing character: There is no ] in font nullfont!
./thesislayout.sty:46: Undefined control sequence.
l.46 \fancyfoot[LE,RO]{\sffamily\bfseries\thepage
                                                 /\pageref{fancy:mainend}}
The control sequence at the end of the top line
of your error message was never \def'ed. If you have
misspelled it (e.g., `\hobx'), type `I' and the correct
spelling (e.g., `I\hbox'). Otherwise just continue,
and I'll forget about whatever was undefined.

./thesislayout.sty:46: Undefined control sequence.
<write> ...rence `fancy:mainend' on page \thepage 
                                                  \space undefined\on@line .
l.46 ...y\bfseries\thepage/\pageref{fancy:mainend}
                                                  }
The control sequence at the end of the top line
of your error message was never \def'ed. If you have
misspelled it (e.g., `\hobx'), type `I' and the correct
spelling (e.g., `I\hbox'). Otherwise just continue,
and I'll forget about whatever was undefined.


LaTeX Warning: Reference `fancy:mainend' on page  undefined on input line 46.


./thesislayout.sty:47: LaTeX Error: \headrulewidth undefined.

See the LaTeX manual or LaTeX Companion for explanation.
Type  H <return>  for immediate help.
 ...                                              
                                                  
l.47 \renewcommand{\headrulewidth}
                                  {0.4pt}
Try typing  <return>  to proceed.
If that doesn't work, type  X <return>  to quit.


./thesislayout.sty:48: LaTeX Error: \footrulewidth undefined.

See the LaTeX manual or LaTeX Companion for explanation.
Type  H <return>  for immediate help.
 ...                                              
                                                  
l.48 \renewcommand{\footrulewidth}
                                  {0pt}
Try typing  <return>  to proceed.
If that doesn't work, type  X <return>  to quit.


Overfull \hbox (16.36108pt too wide) in paragraph at lines 40--50
\OT1/cmss/bx/n/10 /[]
 []

./thesislayout.sty:51: Undefined control sequence.
l.51 \fancypagestyle
                    {fancychapter}{% the page with chapters in main
The control sequence at the end of the top line
of your error message was never \def'ed. If you have
misspelled it (e.g., `\hobx'), type `I' and the correct
spelling (e.g., `I\hbox'). Otherwise just continue,
and I'll forget about whatever was undefined.


./thesislayout.sty:51: LaTeX Error: Missing \begin{document}.

See the LaTeX manual or LaTeX Companion for explanation.
Type  H <return>  for immediate help.
 ...                                              
                                                  
l.51 \fancypagestyle{f
                      ancychapter}{% the page with chapters in main
You're in trouble here.  Try typing  <return>  to proceed.
If that doesn't work, type  X <return>  to quit.

Missing character: There is no f in font nullfont!
Missing character: There is no a in font nullfont!
Missing character: There is no n in font nullfont!
Missing character: There is no c in font nullfont!
Missing character: There is no y in font nullfont!
Missing character: There is no c in font nullfont!
Missing character: There is no h in font nullfont!
Missing character: There is no a in font nullfont!
Missing character: There is no p in font nullfont!
Missing character: There is no t in font nullfont!
Missing character: There is no e in font nullfont!
Missing character: There is no r in font nullfont!
./thesislayout.sty:52: Undefined control sequence.
l.52 \fancyhf
             {}
The control sequence at the end of the top line
of your error message was never \def'ed. If you have
misspelled it (e.g., `\hobx'), type `I' and the correct
spelling (e.g., `I\hbox'). Otherwise just continue,
and I'll forget about whatever was undefined.


./thesislayout.sty:54: LaTeX Error: \headrulewidth undefined.

See the LaTeX manual or LaTeX Companion for explanation.
Type  H <return>  for immediate help.
 ...                                              
                                                  
l.54 \renewcommand{\headrulewidth}
                                  {0pt}
Try typing  <return>  to proceed.
If that doesn't work, type  X <return>  to quit.


./thesislayout.sty:55: LaTeX Error: \footrulewidth undefined.

See the LaTeX manual or LaTeX Companion for explanation.
Type  H <return>  for immediate help.
 ...                                              
                                                  
l.55 \renewcommand{\footrulewidth}
                                  {0pt}
Try typing  <return>  to proceed.
If that doesn't work, type  X <return>  to quit.

./thesislayout.sty:56: Undefined control sequence.
l.56 \fancyfoot
               [RO,LE]{\sffamily\bfseries  \thepage/\pageref{fancy:mainend} }
The control sequence at the end of the top line
of your error message was never \def'ed. If you have
misspelled it (e.g., `\hobx'), type `I' and the correct
spelling (e.g., `I\hbox'). Otherwise just continue,
and I'll forget about whatever was undefined.

Missing character: There is no [ in font nullfont!
Missing character: There is no R in font nullfont!
Missing character: There is no O in font nullfont!
Missing character: There is no , in font nullfont!
Missing character: There is no L in font nullfont!
Missing character: There is no E in font nullfont!
Missing character: There is no ] in font nullfont!
./thesislayout.sty:56: Undefined control sequence.
l.56 ...cyfoot[RO,LE]{\sffamily\bfseries  \thepage
                                                  /\pageref{fancy:mainend} }
The control sequence at the end of the top line
of your error message was never \def'ed. If you have
misspelled it (e.g., `\hobx'), type `I' and the correct
spelling (e.g., `I\hbox'). Otherwise just continue,
and I'll forget about whatever was undefined.

./thesislayout.sty:56: Undefined control sequence.
<write> ...rence `fancy:mainend' on page \thepage 
                                                  \space undefined\on@line .
l.56 ...bfseries  \thepage/\pageref{fancy:mainend}
                                                   }
The control sequence at the end of the top line
of your error message was never \def'ed. If you have
misspelled it (e.g., `\hobx'), type `I' and the correct
spelling (e.g., `I\hbox'). Otherwise just continue,
and I'll forget about whatever was undefined.


LaTeX Warning: Reference `fancy:mainend' on page  undefined on input line 56.


Overfull \hbox (16.36108pt too wide) in paragraph at lines 51--59
\OT1/cmss/bx/n/10 /[]
 []


./thesislayout.sty:63: LaTeX Error: \chaptername undefined.

See the LaTeX manual or LaTeX Companion for explanation.
Type  H <return>  for immediate help.
 ...                                              
                                                  
l.63 \renewcommand{\chaptername}
                                {K a p i t e l }
Try typing  <return>  to proceed.
If that doesn't work, type  X <return>  to quit.


./thesislayout.sty:64: LaTeX Error: \appendixname undefined.

See the LaTeX manual or LaTeX Companion for explanation.
Type  H <return>  for immediate help.
 ...                                              
                                                  
l.64 \renewcommand{\appendixname}
                                 {A p p e n d i k s }
Try typing  <return>  to proceed.
If that doesn't work, type  X <return>  to quit.


./thesislayout.sty:65: LaTeX Error: \nomname undefined.

See the LaTeX manual or LaTeX Companion for explanation.
Type  H <return>  for immediate help.
 ...                                              
                                                  
l.65 \renewcommand{\nomname}
                            {Nomenklatur}
Try typing  <return>  to proceed.
If that doesn't work, type  X <return>  to quit.

./thesislayout.sty:131: Undefined control sequence.
l.131 \theoremstyle
                   {plain}
The control sequence at the end of the top line
of your error message was never \def'ed. If you have
misspelled it (e.g., `\hobx'), type `I' and the correct
spelling (e.g., `I\hbox'). Otherwise just continue,
and I'll forget about whatever was undefined.


./thesislayout.sty:131: LaTeX Error: Missing \begin{document}.

See the LaTeX manual or LaTeX Companion for explanation.
Type  H <return>  for immediate help.
 ...                                              
                                                  
l.131 \theoremstyle{p
                     lain}
You're in trouble here.  Try typing  <return>  to proceed.
If that doesn't work, type  X <return>  to quit.

Missing character: There is no p in font nullfont!
Missing character: There is no l in font nullfont!
Missing character: There is no a in font nullfont!
Missing character: There is no i in font nullfont!
Missing character: There is no n in font nullfont!
./thesislayout.sty:132: Undefined control sequence.
l.132 \theoremheaderfont
                        {\normalfont\bfseries}
The control sequence at the end of the top line
of your error message was never \def'ed. If you have
misspelled it (e.g., `\hobx'), type `I' and the correct
spelling (e.g., `I\hbox'). Otherwise just continue,
and I'll forget about whatever was undefined.

./thesislayout.sty:133: Undefined control sequence.
l.133 \theorembodyfont
                      {\itshape}
The control sequence at the end of the top line
of your error message was never \def'ed. If you have
misspelled it (e.g., `\hobx'), type `I' and the correct
spelling (e.g., `I\hbox'). Otherwise just continue,
and I'll forget about whatever was undefined.

./thesislayout.sty:134: Undefined control sequence.
l.134 \theoremsymbol
                    {\ensuremath{\diamondsuit}}
The control sequence at the end of the top line
of your error message was never \def'ed. If you have
misspelled it (e.g., `\hobx'), type `I' and the correct
spelling (e.g., `I\hbox'). Otherwise just continue,
and I'll forget about whatever was undefined.

LaTeX Font Info:    External font `cmex10' loaded for size
(Font)              <7> on input line 134.
LaTeX Font Info:    External font `cmex10' loaded for size
(Font)              <5> on input line 134.
./thesislayout.sty:135: Undefined control sequence.
l.135 \theoremseparator
                       {:}
The control sequence at the end of the top line
of your error message was never \def'ed. If you have
misspelled it (e.g., `\hobx'), type `I' and the correct
spelling (e.g., `I\hbox'). Otherwise just continue,
and I'll forget about whatever was undefined.

Missing character: There is no : in font nullfont!
\c@theorem=\count79

./thesislayout.sty:137: LaTeX Error: No counter 'chapter' defined.

See the LaTeX manual or LaTeX Companion for explanation.
Type  H <return>  for immediate help.
 ...                                              
                                                  
l.137 \newtheorem{theorem}{Teorem}[chapter]
                                           
Your command was ignored.
Type  I <command> <return>  to replace it with another command,
or  <return>  to continue without it.


Overfull \hbox (7.7778pt too wide) in paragraph at lines 131--141
\OMS/cmsy/m/n/10 }$
 []

./thesislayout.sty:142: Undefined control sequence.
l.142 \theoremstyle
                   {plain}
The control sequence at the end of the top line
of your error message was never \def'ed. If you have
misspelled it (e.g., `\hobx'), type `I' and the correct
spelling (e.g., `I\hbox'). Otherwise just continue,
and I'll forget about whatever was undefined.


./thesislayout.sty:142: LaTeX Error: Missing \begin{document}.

See the LaTeX manual or LaTeX Companion for explanation.
Type  H <return>  for immediate help.
 ...                                              
                                                  
l.142 \theoremstyle{p
                     lain}
You're in trouble here.  Try typing  <return>  to proceed.
If that doesn't work, type  X <return>  to quit.

Missing character: There is no p in font nullfont!
Missing character: There is no l in font nullfont!
Missing character: There is no a in font nullfont!
Missing character: There is no i in font nullfont!
Missing character: There is no n in font nullfont!
./thesislayout.sty:143: Undefined control sequence.
l.143 \theorembodyfont
                      {\upshape}
The control sequence at the end of the top line
of your error message was never \def'ed. If you have
misspelled it (e.g., `\hobx'), type `I' and the correct
spelling (e.g., `I\hbox'). Otherwise just continue,
and I'll forget about whatever was undefined.

./thesislayout.sty:144: Undefined control sequence.
l.144 \theoremsymbol
                    {\ensuremath{\diamondsuit}}
The control sequence at the end of the top line
of your error message was never \def'ed. If you have
misspelled it (e.g., `\hobx'), type `I' and the correct
spelling (e.g., `I\hbox'). Otherwise just continue,
and I'll forget about whatever was undefined.

./thesislayout.sty:145: Undefined control sequence.
l.145 \theoremseparator
                       {}
The control sequence at the end of the top line
of your error message was never \def'ed. If you have
misspelled it (e.g., `\hobx'), type `I' and the correct
spelling (e.g., `I\hbox'). Otherwise just continue,
and I'll forget about whatever was undefined.

./thesislayout.sty:146: Undefined control sequence.
l.146 \theoremindent
                    0.5cm
The control sequence at the end of the top line
of your error message was never \def'ed. If you have
misspelled it (e.g., `\hobx'), type `I' and the correct
spelling (e.g., `I\hbox'). Otherwise just continue,
and I'll forget about whatever was undefined.

Missing character: There is no 0 in font nullfont!
Missing character: There is no . in font nullfont!
Missing character: There is no 5 in font nullfont!
Missing character: There is no c in font nullfont!
Missing character: There is no m in font nullfont!
\c@example=\count80

./thesislayout.sty:148: LaTeX Error: No counter 'chapter' defined.

See the LaTeX manual or LaTeX Companion for explanation.
Type  H <return>  for immediate help.
 ...                                              
                                                  
l.148 \newtheorem{example}{Eksempel}[chapter]
                                             
Your command was ignored.
Type  I <command> <return>  to replace it with another command,
or  <return>  to continue without it.


Overfull \hbox (7.7778pt too wide) in paragraph at lines 142--152
\OMS/cmsy/m/n/10 }$
 []

./thesislayout.sty:155: Undefined control sequence.
l.155 \theoremstyle
                   {plain}
The control sequence at the end of the top line
of your error message was never \def'ed. If you have
misspelled it (e.g., `\hobx'), type `I' and the correct
spelling (e.g., `I\hbox'). Otherwise just continue,
and I'll forget about whatever was undefined.


./thesislayout.sty:155: LaTeX Error: Missing \begin{document}.

See the LaTeX manual or LaTeX Companion for explanation.
Type  H <return>  for immediate help.
 ...                                              
                                                  
l.155 \theoremstyle{p
                     lain}
You're in trouble here.  Try typing  <return>  to proceed.
If that doesn't work, type  X <return>  to quit.

Missing character: There is no p in font nullfont!
Missing character: There is no l in font nullfont!
Missing character: There is no a in font nullfont!
Missing character: There is no i in font nullfont!
Missing character: There is no n in font nullfont!
./thesislayout.sty:156: Undefined control sequence.
l.156 \theoremsymbol
                    {\ensuremath{\diamond}}
The control sequence at the end of the top line
of your error message was never \def'ed. If you have
misspelled it (e.g., `\hobx'), type `I' and the correct
spelling (e.g., `I\hbox'). Otherwise just continue,
and I'll forget about whatever was undefined.

./thesislayout.sty:157: Undefined control sequence.
l.157 \theoremseparator
                       {:}
The control sequence at the end of the top line
of your error message was never \def'ed. If you have
misspelled it (e.g., `\hobx'), type `I' and the correct
spelling (e.g., `I\hbox'). Otherwise just continue,
and I'll forget about whatever was undefined.

Missing character: There is no : in font nullfont!
./thesislayout.sty:158: Undefined control sequence.
l.158 \theoremindent
                    0cm
The control sequence at the end of the top line
of your error message was never \def'ed. If you have
misspelled it (e.g., `\hobx'), type `I' and the correct
spelling (e.g., `I\hbox'). Otherwise just continue,
and I'll forget about whatever was undefined.

Missing character: There is no 0 in font nullfont!
Missing character: There is no c in font nullfont!
Missing character: There is no m in font nullfont!
\c@definition=\count81

./thesislayout.sty:161: LaTeX Error: No counter 'chapter' defined.

See the LaTeX manual or LaTeX Companion for explanation.
Type  H <return>  for immediate help.
 ...                                              
                                                  
l.161 \newtheorem{definition}{Definition}[chapter]
                                                  
Your command was ignored.
Type  I <command> <return>  to replace it with another command,
or  <return>  to continue without it.


Overfull \hbox (5.00002pt too wide) in paragraph at lines 155--162
\OMS/cmsy/m/n/10 ^^E$
 []

./thesislayout.sty:163: Undefined control sequence.
l.163 \theoremstyle
                   {nonumberplain}
The control sequence at the end of the top line
of your error message was never \def'ed. If you have
misspelled it (e.g., `\hobx'), type `I' and the correct
spelling (e.g., `I\hbox'). Otherwise just continue,
and I'll forget about whatever was undefined.


./thesislayout.sty:163: LaTeX Error: Missing \begin{document}.

See the LaTeX manual or LaTeX Companion for explanation.
Type  H <return>  for immediate help.
 ...                                              
                                                  
l.163 \theoremstyle{n
                     onumberplain}
You're in trouble here.  Try typing  <return>  to proceed.
If that doesn't work, type  X <return>  to quit.

Missing character: There is no n in font nullfont!
Missing character: There is no o in font nullfont!
Missing character: There is no n in font nullfont!
Missing character: There is no u in font nullfont!
Missing character: There is no m in font nullfont!
Missing character: There is no b in font nullfont!
Missing character: There is no e in font nullfont!
Missing character: There is no r in font nullfont!
Missing character: There is no p in font nullfont!
Missing character: There is no l in font nullfont!
Missing character: There is no a in font nullfont!
Missing character: There is no i in font nullfont!
Missing character: There is no n in font nullfont!
./thesislayout.sty:164: Undefined control sequence.
l.164 \theoremheaderfont
                        {\sc}
The control sequence at the end of the top line
of your error message was never \def'ed. If you have
misspelled it (e.g., `\hobx'), type `I' and the correct
spelling (e.g., `I\hbox'). Otherwise just continue,
and I'll forget about whatever was undefined.

./thesislayout.sty:164: Undefined control sequence.
l.164 \theoremheaderfont{\sc
                            }
The control sequence at the end of the top line
of your error message was never \def'ed. If you have
misspelled it (e.g., `\hobx'), type `I' and the correct
spelling (e.g., `I\hbox'). Otherwise just continue,
and I'll forget about whatever was undefined.

./thesislayout.sty:165: Undefined control sequence.
l.165 \theorembodyfont
                      {\upshape}
The control sequence at the end of the top line
of your error message was never \def'ed. If you have
misspelled it (e.g., `\hobx'), type `I' and the correct
spelling (e.g., `I\hbox'). Otherwise just continue,
and I'll forget about whatever was undefined.

./thesislayout.sty:166: Undefined control sequence.
l.166 \theoremseparator
                       {}
The control sequence at the end of the top line
of your error message was never \def'ed. If you have
misspelled it (e.g., `\hobx'), type `I' and the correct
spelling (e.g., `I\hbox'). Otherwise just continue,
and I'll forget about whatever was undefined.

./thesislayout.sty:167: Undefined control sequence.
l.167 \theoremsymbol
                    {\rule{1ex}{1ex}}
The control sequence at the end of the top line
of your error message was never \def'ed. If you have
misspelled it (e.g., `\hobx'), type `I' and the correct
spelling (e.g., `I\hbox'). Otherwise just continue,
and I'll forget about whatever was undefined.

./thesislayout.sty:168: Undefined control sequence.
l.168 \theoremindent
                    0cm
The control sequence at the end of the top line
of your error message was never \def'ed. If you have
misspelled it (e.g., `\hobx'), type `I' and the correct
spelling (e.g., `I\hbox'). Otherwise just continue,
and I'll forget about whatever was undefined.

Missing character: There is no 0 in font nullfont!
Missing character: There is no c in font nullfont!
Missing character: There is no m in font nullfont!
\c@proof=\count82

./thesislayout.sty:170: LaTeX Error: No counter 'chapter' defined.

See the LaTeX manual or LaTeX Companion for explanation.
Type  H <return>  for immediate help.
 ...                                              
                                                  
l.170 \newtheorem{proof}{Bevis}[chapter]
                                        
Your command was ignored.
Type  I <command> <return>  to replace it with another command,
or  <return>  to continue without it.

./thesislayout.sty:175: Undefined control sequence.
l.175 \theoremstyle
                   {plain}
The control sequence at the end of the top line
of your error message was never \def'ed. If you have
misspelled it (e.g., `\hobx'), type `I' and the correct
spelling (e.g., `I\hbox'). Otherwise just continue,
and I'll forget about whatever was undefined.


./thesislayout.sty:175: LaTeX Error: Missing \begin{document}.

See the LaTeX manual or LaTeX Companion for explanation.
Type  H <return>  for immediate help.
 ...                                              
                                                  
l.175 \theoremstyle{p
                     lain}
You're in trouble here.  Try typing  <return>  to proceed.
If that doesn't work, type  X <return>  to quit.

Missing character: There is no p in font nullfont!
Missing character: There is no l in font nullfont!
Missing character: There is no a in font nullfont!
Missing character: There is no i in font nullfont!
Missing character: There is no n in font nullfont!
./thesislayout.sty:176: Undefined control sequence.
l.176 \theorembodyfont
                      {\upshape}
The control sequence at the end of the top line
of your error message was never \def'ed. If you have
misspelled it (e.g., `\hobx'), type `I' and the correct
spelling (e.g., `I\hbox'). Otherwise just continue,
and I'll forget about whatever was undefined.

./thesislayout.sty:177: Undefined control sequence.
l.177 \theoremsymbol
                    {\ensuremath{\diamondsuit}}
The control sequence at the end of the top line
of your error message was never \def'ed. If you have
misspelled it (e.g., `\hobx'), type `I' and the correct
spelling (e.g., `I\hbox'). Otherwise just continue,
and I'll forget about whatever was undefined.

./thesislayout.sty:178: Undefined control sequence.
l.178 \theoremseparator
                       {}
The control sequence at the end of the top line
of your error message was never \def'ed. If you have
misspelled it (e.g., `\hobx'), type `I' and the correct
spelling (e.g., `I\hbox'). Otherwise just continue,
and I'll forget about whatever was undefined.

./thesislayout.sty:179: Undefined control sequence.
l.179 \theoremindent
                    0cm
The control sequence at the end of the top line
of your error message was never \def'ed. If you have
misspelled it (e.g., `\hobx'), type `I' and the correct
spelling (e.g., `I\hbox'). Otherwise just continue,
and I'll forget about whatever was undefined.

Missing character: There is no 0 in font nullfont!
Missing character: There is no c in font nullfont!
Missing character: There is no m in font nullfont!
\c@assumption=\count83

./thesislayout.sty:181: LaTeX Error: No counter 'chapter' defined.

See the LaTeX manual or LaTeX Companion for explanation.
Type  H <return>  for immediate help.
 ...                                              
                                                  
l.181 \newtheorem{assumption}{Antagelse}[chapter]
                                                 
Your command was ignored.
Type  I <command> <return>  to replace it with another command,
or  <return>  to continue without it.


Overfull \hbox (7.7778pt too wide) in paragraph at lines 175--185
\OMS/cmsy/m/n/10 }$
 []

./thesislayout.sty:186: Undefined control sequence.
l.186 \theoremstyle
                   {plain}
The control sequence at the end of the top line
of your error message was never \def'ed. If you have
misspelled it (e.g., `\hobx'), type `I' and the correct
spelling (e.g., `I\hbox'). Otherwise just continue,
and I'll forget about whatever was undefined.


./thesislayout.sty:186: LaTeX Error: Missing \begin{document}.

See the LaTeX manual or LaTeX Companion for explanation.
Type  H <return>  for immediate help.
 ...                                              
                                                  
l.186 \theoremstyle{p
                     lain}
You're in trouble here.  Try typing  <return>  to proceed.
If that doesn't work, type  X <return>  to quit.

Missing character: There is no p in font nullfont!
Missing character: There is no l in font nullfont!
Missing character: There is no a in font nullfont!
Missing character: There is no i in font nullfont!
Missing character: There is no n in font nullfont!
./thesislayout.sty:187: Undefined control sequence.
l.187 \theoremheaderfont
                        {\normalfont}
The control sequence at the end of the top line
of your error message was never \def'ed. If you have
misspelled it (e.g., `\hobx'), type `I' and the correct
spelling (e.g., `I\hbox'). Otherwise just continue,
and I'll forget about whatever was undefined.

./thesislayout.sty:188: Undefined control sequence.
l.188 \theorembodyfont
                      {\upshape}
The control sequence at the end of the top line
of your error message was never \def'ed. If you have
misspelled it (e.g., `\hobx'), type `I' and the correct
spelling (e.g., `I\hbox'). Otherwise just continue,
and I'll forget about whatever was undefined.

./thesislayout.sty:189: Undefined control sequence.
l.189 \theoremsymbol
                    {}
The control sequence at the end of the top line
of your error message was never \def'ed. If you have
misspelled it (e.g., `\hobx'), type `I' and the correct
spelling (e.g., `I\hbox'). Otherwise just continue,
and I'll forget about whatever was undefined.

./thesislayout.sty:190: Undefined control sequence.
l.190 \theoremseparator
                       {}
The control sequence at the end of the top line
of your error message was never \def'ed. If you have
misspelled it (e.g., `\hobx'), type `I' and the correct
spelling (e.g., `I\hbox'). Otherwise just continue,
and I'll forget about whatever was undefined.

./thesislayout.sty:191: Undefined control sequence.
l.191 \theoremindent
                    0.5cm
The control sequence at the end of the top line
of your error message was never \def'ed. If you have
misspelled it (e.g., `\hobx'), type `I' and the correct
spelling (e.g., `I\hbox'). Otherwise just continue,
and I'll forget about whatever was undefined.

Missing character: There is no 0 in font nullfont!
Missing character: There is no . in font nullfont!
Missing character: There is no 5 in font nullfont!
Missing character: There is no c in font nullfont!
Missing character: There is no m in font nullfont!
\c@remark=\count84

./thesislayout.sty:193: LaTeX Error: No counter 'chapter' defined.

See the LaTeX manual or LaTeX Companion for explanation.
Type  H <return>  for immediate help.
 ...                                              
                                                  
l.193 \newtheorem{remark}{Bemærkning}[chapter]
                                              
Your command was ignored.
Type  I <command> <return>  to replace it with another command,
or  <return>  to continue without it.

)
! Emergency stop.
<*> thesislayout.sty
                    
*** (job aborted, no legal \end found)

 
Here is how much of TeX's memory you used:
 92 strings out of 493747
 991 string characters out of 3143545
 49070 words of memory out of 3000000
 3479 multiletter control sequences out of 15000+200000
 4893 words of font info for 18 fonts, out of 3000000 for 9000
 714 hyphenation exceptions out of 8191
 19i,1n,19p,141b,114s stack positions out of 5000i,500n,10000p,200000b,50000s
!  ==> Fatal error occurred, no output PDF file produced!
